This file contains any messages produced by compilers while
running configure, to aid debugging if configure makes a mistake.

It was created by sqlbox configure cvs, which was
generated by GNU Autoconf 2.69.  Invocation command line was

  $ ./configure 

## --------- ##
## Platform. ##
## --------- ##

hostname = LMTPentest
uname -m = x86_64
uname -r = 4.19.0-kali5-amd64
uname -s = Linux
uname -v = #1 SMP Debian 4.19.37-2kali1 (2019-05-15)

/usr/bin/uname -p = unknown
/bin/uname -X     = unknown

/bin/arch              = unknown
/usr/bin/arch -k       = unknown
/usr/convex/getsysinfo = unknown
/usr/bin/hostinfo      = unknown
/bin/machine           = unknown
/usr/bin/oslevel       = unknown
/bin/universe          = unknown

PATH: /usr/local/sbin
PATH: /usr/local/bin
PATH: /usr/sbin
PATH: /usr/bin
PATH: /sbin
PATH: /bin


## ----------- ##
## Core tests. ##
## ----------- ##

configure:2313: checking svn checkout revision
configure:2323: result: 58
configure:2355: checking for a BSD-compatible install
configure:2423: result: /usr/bin/install -c
configure:2434: checking whether build environment is sane
configure:2484: result: yes
configure:2625: checking for a thread-safe mkdir -p
configure:2664: result: /bin/mkdir -p
configure:2677: checking for gawk
configure:2693: found /usr/bin/gawk
configure:2704: result: gawk
configure:2715: checking whether make sets $(MAKE)
configure:2737: result: yes
configure:2820: checking whether to enable maintainer-specific portions of Makefiles
configure:2829: result: no
configure:2846: checking build system type
configure:2860: result: x86_64-unknown-linux-gnu
configure:2880: checking host system type
configure:2893: result: x86_64-unknown-linux-gnu
configure:2960: checking how to print strings
configure:2987: result: printf
configure:3020: checking for style of include used by make
configure:3048: result: GNU
configure:3119: checking for gcc
configure:3135: found /usr/bin/gcc
configure:3146: result: gcc
configure:3375: checking for C compiler version
configure:3384: gcc --version >&5
gcc (Debian 8.3.0-6) 8.3.0
Copyright (C) 2018 Free Software Foundation, Inc.
This is free software; see the source for copying conditions.  There is NO
warranty; not even for MERCHANTABILITY or FITNESS FOR A PARTICULAR PURPOSE.

configure:3395: $? = 0
configure:3384: gcc -v >&5
Using built-in specs.
COLLECT_GCC=gcc
COLLECT_LTO_WRAPPER=/usr/lib/gcc/x86_64-linux-gnu/8/lto-wrapper
OFFLOAD_TARGET_NAMES=nvptx-none
OFFLOAD_TARGET_DEFAULT=1
Target: x86_64-linux-gnu
Configured with: ../src/configure -v --with-pkgversion='Debian 8.3.0-6' --with-bugurl=file:///usr/share/doc/gcc-8/README.Bugs --enable-languages=c,ada,c++,go,brig,d,fortran,objc,obj-c++ --prefix=/usr --with-gcc-major-version-only --program-suffix=-8 --program-prefix=x86_64-linux-gnu- --enable-shared --enable-linker-build-id --libexecdir=/usr/lib --without-included-gettext --enable-threads=posix --libdir=/usr/lib --enable-nls --enable-bootstrap --enable-clocale=gnu --enable-libstdcxx-debug --enable-libstdcxx-time=yes --with-default-libstdcxx-abi=new --enable-gnu-unique-object --disable-vtable-verify --enable-libmpx --enable-plugin --enable-default-pie --with-system-zlib --with-target-system-zlib --enable-objc-gc=auto --enable-multiarch --disable-werror --with-arch-32=i686 --with-abi=m64 --with-multilib-list=m32,m64,mx32 --enable-multilib --with-tune=generic --enable-offload-targets=nvptx-none --without-cuda-driver --enable-checking=release --build=x86_64-linux-gnu --host=x86_64-linux-gnu --target=x86_64-linux-gnu
Thread model: posix
gcc version 8.3.0 (Debian 8.3.0-6) 
configure:3395: $? = 0
configure:3384: gcc -V >&5
gcc: error: unrecognized command line option '-V'
gcc: fatal error: no input files
compilation terminated.
configure:3395: $? = 1
configure:3384: gcc -qversion >&5
gcc: error: unrecognized command line option '-qversion'; did you mean '--version'?
gcc: fatal error: no input files
compilation terminated.
configure:3395: $? = 1
configure:3415: checking whether the C compiler works
configure:3437: gcc    conftest.c  >&5
configure:3441: $? = 0
configure:3489: result: yes
configure:3492: checking for C compiler default output file name
configure:3494: result: a.out
configure:3500: checking for suffix of executables
configure:3507: gcc -o conftest    conftest.c  >&5
configure:3511: $? = 0
configure:3533: result: 
configure:3555: checking whether we are cross compiling
configure:3563: gcc -o conftest    conftest.c  >&5
configure:3567: $? = 0
configure:3574: ./conftest
configure:3578: $? = 0
configure:3566: result: no
configure:3571: checking for suffix of object files
configure:3593: gcc -c   conftest.c >&5
configure:3597: $? = 0
configure:3618: result: o
configure:3622: checking whether we are using the GNU C compiler
configure:3641: gcc -c   conftest.c >&5
configure:3641: $? = 0
configure:3650: result: yes
configure:3659: checking whether gcc accepts -g
configure:3679: gcc -c -g  conftest.c >&5
configure:3679: $? = 0
configure:3720: result: yes
configure:3737: checking for gcc option to accept ISO C89
configure:3800: gcc  -c -g -O2  conftest.c >&5
configure:3800: $? = 0
configure:3813: result: none needed
configure:3835: checking dependency style of gcc
configure:3946: result: gcc3
configure:3961: checking for a sed that does not truncate output
configure:4025: result: /bin/sed
configure:4043: checking for grep that handles long lines and -e
configure:4101: result: /bin/grep
configure:4106: checking for egrep
configure:4168: result: /bin/grep -E
configure:4173: checking for fgrep
configure:4235: result: /bin/grep -F
configure:4270: checking for ld used by gcc
configure:4337: result: /usr/bin/ld
configure:4344: checking if the linker (/usr/bin/ld) is GNU ld
configure:4359: result: yes
configure:4371: checking for BSD- or MS-compatible name lister (nm)
configure:4420: result: /usr/bin/nm -B
configure:4550: checking the name lister (/usr/bin/nm -B) interface
configure:4557: gcc -c -g -O2  conftest.c >&5
configure:4560: /usr/bin/nm -B "conftest.o"
configure:4563: output
0000000000000000 B some_variable
configure:4564: result: BSD nm
configure:4567: checking whether ln -s works
configure:4571: result: yes
configure:4579: checking the maximum length of command line arguments
configure:4704: result: 1572864
configure:4721: checking whether the shell understands some XSI constructs
configure:4730: result: yes
configure:4734: checking whether the shell understands "+="
configure:4738: result: yes
configure:4773: checking how to convert x86_64-unknown-linux-gnu file names to x86_64-unknown-linux-gnu format
configure:4813: result: func_convert_file_noop
configure:4820: checking how to convert x86_64-unknown-linux-gnu file names to toolchain format
configure:4840: result: func_convert_file_noop
configure:4847: checking for /usr/bin/ld option to reload object files
configure:4854: result: -r
configure:4928: checking for objdump
configure:4944: found /usr/bin/objdump
configure:4955: result: objdump
configure:4987: checking how to recognize dependent libraries
configure:5189: result: pass_all
configure:5274: checking for dlltool
configure:5304: result: no
configure:5334: checking how to associate runtime and link libraries
configure:5361: result: printf %s\n
configure:5422: checking for ar
configure:5438: found /usr/bin/ar
configure:5449: result: ar
configure:5486: checking for archiver @FILE support
configure:5503: gcc -c -g -O2  conftest.c >&5
configure:5503: $? = 0
configure:5506: ar cru libconftest.a @conftest.lst >&5
ar: `u' modifier ignored since `D' is the default (see `U')
configure:5509: $? = 0
configure:5514: ar cru libconftest.a @conftest.lst >&5
ar: `u' modifier ignored since `D' is the default (see `U')
ar: conftest.o: No such file or directory
configure:5517: $? = 1
configure:5516: result: @
configure:5574: checking for strip
configure:5590: found /usr/bin/strip
configure:5601: result: strip
configure:5673: checking for ranlib
configure:5689: found /usr/bin/ranlib
configure:5700: result: ranlib
configure:5802: checking command to parse /usr/bin/nm -B output from gcc object
configure:5921: gcc -c -g -O2  conftest.c >&5
configure:5924: $? = 0
configure:5928: /usr/bin/nm -B conftest.o \| sed -n -e 's/^.*[ ]\([ABCDGIRSTW][ABCDGIRSTW]*\)[ ][ ]*\([_A-Za-z][_A-Za-z0-9]*\)$/\1 \2 \2/p' | sed '/ __gnu_lto/d' \> conftest.nm
configure:5931: $? = 0
configure:5997: gcc -o conftest -g -O2   conftest.c conftstm.o >&5
configure:6000: $? = 0
configure:6038: result: ok
configure:6075: checking for sysroot
configure:6105: result: no
configure:6182: gcc -c -g -O2  conftest.c >&5
configure:6185: $? = 0
configure:6348: checking for mt
configure:6364: found /bin/mt
configure:6375: result: mt
configure:6398: checking if mt is a manifest tool
configure:6404: mt '-?'
configure:6412: result: no
configure:7044: checking how to run the C preprocessor
configure:7075: gcc -E  conftest.c
configure:7075: $? = 0
configure:7089: gcc -E  conftest.c
conftest.c:12:10: fatal error: ac_nonexistent.h: No such file or directory
 #include <ac_nonexistent.h>
          ^~~~~~~~~~~~~~~~~~
compilation terminated.
configure:7089: $? = 1
configure: failed program was:
| /* confdefs.h */
| #define PACKAGE_NAME "sqlbox"
| #define PACKAGE_TARNAME "sqlbox"
| #define PACKAGE_VERSION "cvs"
| #define PACKAGE_STRING "sqlbox cvs"
| #define PACKAGE_BUGREPORT "devel@kannel.org"
| #define PACKAGE_URL ""
| #define VERSION "svn-r58"
| #define PACKAGE "SqlBox"
| #define VERSION "svn-r58"
| /* end confdefs.h.  */
| #include <ac_nonexistent.h>
configure:7114: result: gcc -E
configure:7134: gcc -E  conftest.c
configure:7134: $? = 0
configure:7148: gcc -E  conftest.c
conftest.c:12:10: fatal error: ac_nonexistent.h: No such file or directory
 #include <ac_nonexistent.h>
          ^~~~~~~~~~~~~~~~~~
compilation terminated.
configure:7148: $? = 1
configure: failed program was:
| /* confdefs.h */
| #define PACKAGE_NAME "sqlbox"
| #define PACKAGE_TARNAME "sqlbox"
| #define PACKAGE_VERSION "cvs"
| #define PACKAGE_STRING "sqlbox cvs"
| #define PACKAGE_BUGREPORT "devel@kannel.org"
| #define PACKAGE_URL ""
| #define VERSION "svn-r58"
| #define PACKAGE "SqlBox"
| #define VERSION "svn-r58"
| /* end confdefs.h.  */
| #include <ac_nonexistent.h>
configure:7177: checking for ANSI C header files
configure:7197: gcc -c -g -O2  conftest.c >&5
configure:7197: $? = 0
configure:7270: gcc -o conftest -g -O2   conftest.c  >&5
configure:7270: $? = 0
configure:7270: ./conftest
configure:7270: $? = 0
configure:7281: result: yes
configure:7294: checking for sys/types.h
configure:7294: gcc -c -g -O2  conftest.c >&5
configure:7294: $? = 0
configure:7294: result: yes
configure:7294: checking for sys/stat.h
configure:7294: gcc -c -g -O2  conftest.c >&5
configure:7294: $? = 0
configure:7294: result: yes
configure:7294: checking for stdlib.h
configure:7294: gcc -c -g -O2  conftest.c >&5
configure:7294: $? = 0
configure:7294: result: yes
configure:7294: checking for string.h
configure:7294: gcc -c -g -O2  conftest.c >&5
configure:7294: $? = 0
configure:7294: result: yes
configure:7294: checking for memory.h
configure:7294: gcc -c -g -O2  conftest.c >&5
configure:7294: $? = 0
configure:7294: result: yes
configure:7294: checking for strings.h
configure:7294: gcc -c -g -O2  conftest.c >&5
configure:7294: $? = 0
configure:7294: result: yes
configure:7294: checking for inttypes.h
configure:7294: gcc -c -g -O2  conftest.c >&5
configure:7294: $? = 0
configure:7294: result: yes
configure:7294: checking for stdint.h
configure:7294: gcc -c -g -O2  conftest.c >&5
configure:7294: $? = 0
configure:7294: result: yes
configure:7294: checking for unistd.h
configure:7294: gcc -c -g -O2  conftest.c >&5
configure:7294: $? = 0
configure:7294: result: yes
configure:7308: checking for dlfcn.h
configure:7308: gcc -c -g -O2  conftest.c >&5
configure:7308: $? = 0
configure:7308: result: yes
configure:7495: checking for objdir
configure:7510: result: .libs
configure:7777: checking if gcc supports -fno-rtti -fno-exceptions
configure:7795: gcc -c -g -O2  -fno-rtti -fno-exceptions conftest.c >&5
cc1: warning: command line option '-fno-rtti' is valid for C++/ObjC++ but not for C
configure:7799: $? = 0
configure:7812: result: no
configure:8122: checking for gcc option to produce PIC
configure:8129: result: -fPIC -DPIC
configure:8137: checking if gcc PIC flag -fPIC -DPIC works
configure:8155: gcc -c -g -O2  -fPIC -DPIC -DPIC conftest.c >&5
configure:8159: $? = 0
configure:8172: result: yes
configure:8201: checking if gcc static flag -static works
configure:8229: result: yes
configure:8244: checking if gcc supports -c -o file.o
configure:8265: gcc -c -g -O2  -o out/conftest2.o conftest.c >&5
configure:8269: $? = 0
configure:8291: result: yes
configure:8299: checking if gcc supports -c -o file.o
configure:8346: result: yes
configure:8379: checking whether the gcc linker (/usr/bin/ld -m elf_x86_64) supports shared libraries
configure:9537: result: yes
configure:9574: checking whether -lc should be explicitly linked in
configure:9582: gcc -c -g -O2  conftest.c >&5
configure:9585: $? = 0
configure:9600: gcc -shared  -fPIC -DPIC conftest.o  -v -Wl,-soname -Wl,conftest -o conftest 2\>\&1 \| /bin/grep  -lc  \>/dev/null 2\>\&1
configure:9603: $? = 0
configure:9617: result: no
configure:9782: checking dynamic linker characteristics
configure:10296: gcc -o conftest -g -O2   -Wl,-rpath -Wl,/foo conftest.c  >&5
configure:10296: $? = 0
configure:10518: result: GNU/Linux ld.so
configure:10625: checking how to hardcode library paths into programs
configure:10650: result: immediate
configure:11190: checking whether stripping libraries is possible
configure:11195: result: yes
configure:11230: checking if libtool supports shared libraries
configure:11232: result: yes
configure:11235: checking whether to build shared libraries
configure:11256: result: yes
configure:11259: checking whether to build static libraries
configure:11263: result: yes
configure:8302: checking for dirent.h that defines DIR
configure:8321: gcc -c -g -O2  conftest.c >&5
configure:8321: $? = 0
configure:8329: result: yes
configure:8342: checking for library containing opendir
configure:8373: gcc -o conftest -g -O2   conftest.c  >&5
configure:8373: $? = 0
configure:8390: result: none required
configure:8457: checking for ANSI C header files
configure:8561: result: yes
configure:8569: checking for sys/wait.h that is POSIX.1 compatible
configure:8595: gcc -c -g -O2  conftest.c >&5
configure:8595: $? = 0
configure:8602: result: yes
configure:8612: checking for an ANSI C-conforming const
configure:8678: gcc -c -g -O2  conftest.c >&5
configure:8678: $? = 0
configure:8685: result: yes
configure:8693: checking whether struct tm is in sys/time.h or time.h
configure:8713: gcc -c -g -O2  conftest.c >&5
configure:8713: $? = 0
configure:8720: result: time.h
configure:8728: checking for working volatile
configure:8747: gcc -c -g -O2  conftest.c >&5
configure:8747: $? = 0
configure:8754: result: yes
configure:8763: checking whether closedir returns void
configure:8787: gcc -o conftest -g -O2   conftest.c  >&5
configure:8787: $? = 0
configure:8787: ./conftest
configure:8787: $? = 0
configure:8797: result: no
configure:8805: checking for error_at_line
configure:8821: gcc -o conftest -g -O2   conftest.c  >&5
configure:8821: $? = 0
configure:8829: result: yes
configure:8842: checking for stdlib.h
configure:8842: result: yes
configure:8852: checking for GNU libc compatible malloc
configure:8876: gcc -o conftest -g -O2   conftest.c  >&5
configure:8876: $? = 0
configure:8876: ./conftest
configure:8876: $? = 0
configure:8886: result: yes
configure:8907: checking for working memcmp
configure:8950: gcc -o conftest -g -O2   conftest.c  >&5
configure:8950: $? = 0
configure:8950: ./conftest
configure:8950: $? = 0
configure:8960: result: yes
configure:9133: checking whether to compile with SSL support
configure:9167: result: trying  
configure:9432: checking for jade
configure:9460: result: no
configure:9472: checking for openjade
configure:9500: result: no
configure:9513: checking for jadetex
configure:9541: result: no
configure:9551: checking for pdfjadetex
configure:9579: result: no
configure:9589: checking for dvips
configure:9605: found /usr/bin/dvips
configure:9617: result: dvips
configure:9627: checking for fig2dev
configure:9655: result: no
configure:9665: checking for convert
configure:9681: found /usr/bin/convert
configure:9693: result: convert
configure:9714: checking for /usr/lib/sgml/stylesheet/dsssl/docbook/nwalsh/html/docbook.dsl
configure:9728: result: no
configure:9714: checking for /usr/lib/sgml/stylesheets/nwalsh-modular/html/docbook.dsl
configure:9728: result: no
configure:9714: checking for /usr/share/dsssl/docbook-dsssl/html/docbook.dsl
configure:9728: result: no
configure:9714: checking for /usr/share/sgml/docbook/dsssl-stylesheets-1.*/html/docbook.dsl
configure:9728: result: no
configure:9714: checking for /usr/share/sgml/docbook/dsssl-stylesheets/html/docbook.dsl
configure:9728: result: no
configure:9714: checking for /usr/share/sgml/docbook/stylesheet/dsssl/modular/html/docbook.dsl
configure:9728: result: no
configure:9714: checking for /usr/share/sgml/docbook/dsssl/modular/html/docbook.dsl
configure:9728: result: no
configure:9714: checking for /usr/local/lib/sgml/stylesheet/dsssl/docbook/nwalsh/html/docbook.dsl
configure:9728: result: no
configure:9714: checking for /usr/local/lib/sgml/stylesheets/nwalsh-modular/html/docbook.dsl
configure:9728: result: no
configure:9714: checking for /usr/local/share/dsssl/docbook-dsssl/html/docbook.dsl
configure:9728: result: no
configure:9714: checking for /usr/local/share/sgml/docbook/dsssl-stylesheets-1.*/html/docbook.dsl
configure:9728: result: no
configure:9714: checking for /usr/local/share/sgml/docbook/dsssl-stylesheets/html/docbook.dsl
configure:9728: result: no
configure:9714: checking for /usr/local/share/sgml/docbook/stylesheet/dsssl/modular/html/docbook.dsl
configure:9728: result: no
configure:9714: checking for /usr/local/share/sgml/docbook/dsssl/modular/html/docbook.dsl
configure:9728: result: no
configure:9714: checking for /opt/local/lib/sgml/stylesheet/dsssl/docbook/nwalsh/html/docbook.dsl
configure:9728: result: no
configure:9714: checking for /opt/local/lib/sgml/stylesheets/nwalsh-modular/html/docbook.dsl
configure:9728: result: no
configure:9714: checking for /opt/local/share/dsssl/docbook-dsssl/html/docbook.dsl
configure:9728: result: no
configure:9714: checking for /opt/local/share/sgml/docbook/dsssl-stylesheets-1.*/html/docbook.dsl
configure:9728: result: no
configure:9714: checking for /opt/local/share/sgml/docbook/dsssl-stylesheets/html/docbook.dsl
configure:9728: result: no
configure:9714: checking for /opt/local/share/sgml/docbook/stylesheet/dsssl/modular/html/docbook.dsl
configure:9728: result: no
configure:9714: checking for /opt/local/share/sgml/docbook/dsssl/modular/html/docbook.dsl
configure:9728: result: no
configure:9751: checking for /usr/lib/sgml/stylesheet/dsssl/docbook/nwalsh/print/docbook.dsl
configure:9765: result: no
configure:9751: checking for /usr/lib/sgml/stylesheets/nwalsh-modular/print/docbook.dsl
configure:9765: result: no
configure:9751: checking for /usr/share/dsssl/docbook-dsssl/print/docbook.dsl
configure:9765: result: no
configure:9751: checking for /usr/share/sgml/docbook/dsssl-stylesheets-1.*/print/docbook.dsl
configure:9765: result: no
configure:9751: checking for /usr/share/sgml/docbook/dsssl-stylesheets/print/docbook.dsl
configure:9765: result: no
configure:9751: checking for /usr/share/sgml/docbook/stylesheet/dsssl/modular/print/docbook.dsl
configure:9765: result: no
configure:9751: checking for /usr/share/sgml/docbook/dsssl/modular/print/docbook.dsl
configure:9765: result: no
configure:9751: checking for /usr/local/lib/sgml/stylesheet/dsssl/docbook/nwalsh/print/docbook.dsl
configure:9765: result: no
configure:9751: checking for /usr/local/lib/sgml/stylesheets/nwalsh-modular/print/docbook.dsl
configure:9765: result: no
configure:9751: checking for /usr/local/share/dsssl/docbook-dsssl/print/docbook.dsl
configure:9765: result: no
configure:9751: checking for /usr/local/share/sgml/docbook/dsssl-stylesheets-1.*/print/docbook.dsl
configure:9765: result: no
configure:9751: checking for /usr/local/share/sgml/docbook/dsssl-stylesheets/print/docbook.dsl
configure:9765: result: no
configure:9751: checking for /usr/local/share/sgml/docbook/stylesheet/dsssl/modular/print/docbook.dsl
configure:9765: result: no
configure:9751: checking for /usr/local/share/sgml/docbook/dsssl/modular/print/docbook.dsl
configure:9765: result: no
configure:9751: checking for /opt/local/lib/sgml/stylesheet/dsssl/docbook/nwalsh/print/docbook.dsl
configure:9765: result: no
configure:9751: checking for /opt/local/lib/sgml/stylesheets/nwalsh-modular/print/docbook.dsl
configure:9765: result: no
configure:9751: checking for /opt/local/share/dsssl/docbook-dsssl/print/docbook.dsl
configure:9765: result: no
configure:9751: checking for /opt/local/share/sgml/docbook/dsssl-stylesheets-1.*/print/docbook.dsl
configure:9765: result: no
configure:9751: checking for /opt/local/share/sgml/docbook/dsssl-stylesheets/print/docbook.dsl
configure:9765: result: no
configure:9751: checking for /opt/local/share/sgml/docbook/stylesheet/dsssl/modular/print/docbook.dsl
configure:9765: result: no
configure:9751: checking for /opt/local/share/sgml/docbook/dsssl/modular/print/docbook.dsl
configure:9765: result: no
configure:9789: checking for /usr/lib/sgml/stylesheet/dsssl/docbook/nwalsh/dtds/decls/xml.dcl
configure:9803: result: no
configure:9789: checking for /usr/lib/sgml/stylesheets/nwalsh-modular/dtds/decls/xml.dcl
configure:9803: result: no
configure:9789: checking for /usr/share/sgml/docbook/dsssl-stylesheets-1.*/dtds/decls/xml.dcl
configure:9803: result: no
configure:9789: checking for /usr/share/sgml/docbook/dsssl-stylesheets/dtds/decls/xml.dcl
configure:9803: result: no
configure:9789: checking for /usr/share/sgml/docbook/stylesheet/dsssl/modular/dtds/decls/xml.dcl
configure:9803: result: no
configure:9789: checking for /usr/share/sgml/docbook/dsssl/modular/dtds/decls/xml.dcl
configure:9803: result: no
configure:9789: checking for /usr/share/sgml/dsssl/docbook-dsssl-nwalsh/dtds/decls/xml.dcl
configure:9803: result: no
configure:9789: checking for /usr/share/dsssl/docbook-dsssl/dtds/decls/xml.dcl
configure:9803: result: no
configure:9789: checking for /usr/local/lib/sgml/stylesheet/dsssl/docbook/nwalsh/dtds/decls/xml.dcl
configure:9803: result: no
configure:9789: checking for /usr/local/lib/sgml/stylesheets/nwalsh-modular/dtds/decls/xml.dcl
configure:9803: result: no
configure:9789: checking for /usr/local/share/sgml/docbook/dsssl-stylesheets-1.*/dtds/decls/xml.dcl
configure:9803: result: no
configure:9789: checking for /usr/local/share/sgml/docbook/dsssl-stylesheets/dtds/decls/xml.dcl
configure:9803: result: no
configure:9789: checking for /usr/local/share/sgml/docbook/stylesheet/dsssl/modular/dtds/decls/xml.dcl
configure:9803: result: no
configure:9789: checking for /usr/local/share/sgml/docbook/dsssl/modular/dtds/decls/xml.dcl
configure:9803: result: no
configure:9789: checking for /usr/local/share/sgml/dsssl/docbook-dsssl-nwalsh/dtds/decls/xml.dcl
configure:9803: result: no
configure:9789: checking for /usr/local/share/dsssl/docbook-dsssl/dtds/decls/xml.dcl
configure:9803: result: no
configure:9789: checking for /sw/lib/sgml/stylesheet/dsssl/docbook/nwalsh/dtds/decls/xml.dcl
configure:9803: result: no
configure:9789: checking for /sw/lib/sgml/stylesheets/nwalsh-modular/dtds/decls/xml.dcl
configure:9803: result: no
configure:9789: checking for /sw/share/sgml/docbook/dsssl-stylesheets-1.*/dtds/decls/xml.dcl
configure:9803: result: no
configure:9789: checking for /sw/share/sgml/docbook/dsssl-stylesheets/dtds/decls/xml.dcl
configure:9803: result: no
configure:9789: checking for /sw/share/sgml/docbook/stylesheet/dsssl/modular/dtds/decls/xml.dcl
configure:9803: result: no
configure:9789: checking for /sw/share/sgml/docbook/dsssl/modular/dtds/decls/xml.dcl
configure:9803: result: no
configure:9789: checking for /sw/share/sgml/dsssl/docbook-dsssl-nwalsh/dtds/decls/xml.dcl
configure:9803: result: no
configure:9789: checking for /sw/share/dsssl/docbook-dsssl/dtds/decls/xml.dcl
configure:9803: result: no
configure:9789: checking for /opt/local/lib/sgml/stylesheet/dsssl/docbook/nwalsh/dtds/decls/xml.dcl
configure:9803: result: no
configure:9789: checking for /opt/local/lib/sgml/stylesheets/nwalsh-modular/dtds/decls/xml.dcl
configure:9803: result: no
configure:9789: checking for /opt/local/share/sgml/docbook/dsssl-stylesheets-1.*/dtds/decls/xml.dcl
configure:9803: result: no
configure:9789: checking for /opt/local/share/sgml/docbook/dsssl-stylesheets/dtds/decls/xml.dcl
configure:9803: result: no
configure:9789: checking for /opt/local/share/sgml/docbook/stylesheet/dsssl/modular/dtds/decls/xml.dcl
configure:9803: result: no
configure:9789: checking for /opt/local/share/sgml/docbook/dsssl/modular/dtds/decls/xml.dcl
configure:9803: result: no
configure:9789: checking for /opt/local/share/sgml/dsssl/docbook-dsssl-nwalsh/dtds/decls/xml.dcl
configure:9803: result: no
configure:9789: checking for /opt/local/share/dsssl/docbook-dsssl/dtds/decls/xml.dcl
configure:9803: result: no
configure:9845: result: Not building documentation.
configure:9883: checking for Ct-Lib support
configure:9966: result: no
configure:9974: checking for FreeTDS Ct-Lib support
configure:10057: result: no
configure:10079: checking for gw-config
configure:10098: found /usr/local/bin/gw-config
configure:10111: result: /usr/local/bin/gw-config
configure:10157: checking Kannel version
configure:10160: result: 1.4.3
configure:10162: checking Kannel libs
configure:10167: result: -L/usr/local/lib/kannel -lgw -lwap -lgwlib -lrt -lresolv -lnsl -lm  -lpthread -lxml2 -L/usr/lib/x86_64-linux-gnu -lmysqlclient_r -lpthread -lz -lm -ldl
configure:10170: checking Kannel includes
configure:10175: result: -I/usr/local/include/kannel -g -O2 -D_XOPEN_SOURCE=600 -D_BSD_SOURCE -D_LARGE_FILES= -I/usr/include/libxml2 -I/usr/include/mysql
configure:10180: checking for cfg_create in -lgwlib
configure:10206: gcc -o conftest -g -O2 -D_XOPEN_SOURCE=600 -D_BSD_SOURCE -I/usr/local/include/kannel -g -O2 -D_XOPEN_SOURCE=600 -D_BSD_SOURCE -D_LARGE_FILES= -I/usr/include/libxml2 -I/usr/include/mysql   -rdynamic conftest.c -lgwlib  -rdynamic
  -L/usr/local/lib/kannel -lgw -lwap -lgwlib -lrt -lresolv -lnsl -lm  -lpthread -lxml2 -L/usr/lib/x86_64-linux-gnu -lmysqlclient_r -lpthread -lz -lm -ldl >&5
configure:10206: $? = 0
configure:10215: result: yes
configure:10229: checking for Kannel's DB support
configure:10248: gcc -o conftest -g -O2 -D_XOPEN_SOURCE=600 -D_BSD_SOURCE -I/usr/local/include/kannel -g -O2 -D_XOPEN_SOURCE=600 -D_BSD_SOURCE -D_LARGE_FILES= -I/usr/include/libxml2 -I/usr/include/mysql   -rdynamic conftest.c -lgwlib  -L/usr/local/lib/kannel -lgw -lwap -lgwlib -lrt -lresolv -lnsl -lm  -lpthread -lxml2 -L/usr/lib/x86_64-linux-gnu -lmysqlclient_r -lpthread -lz -lm -ldl >&5
conftest.c:35:3: error: unknown type name 'exit'
   exit(1);
   ^~~~
conftest.c:36:1: error: expected declaration specifiers or '...' before '}' token
 }
 ^
conftest.c:36:1: error: expected ';', ',' or ')' before '}' token
configure:10248: $? = 1
configure: program exited with status 1
configure: failed program was:
| /* confdefs.h */
| #define PACKAGE_NAME "sqlbox"
| #define PACKAGE_TARNAME "sqlbox"
| #define PACKAGE_VERSION "cvs"
| #define PACKAGE_STRING "sqlbox cvs"
| #define PACKAGE_BUGREPORT "devel@kannel.org"
| #define PACKAGE_URL ""
| #define VERSION "svn-r58"
| #define PACKAGE "SqlBox"
| #define VERSION "svn-r58"
| #define STDC_HEADERS 1
| #define HAVE_SYS_TYPES_H 1
| #define HAVE_SYS_STAT_H 1
| #define HAVE_STDLIB_H 1
| #define HAVE_STRING_H 1
| #define HAVE_MEMORY_H 1
| #define HAVE_STRINGS_H 1
| #define HAVE_INTTYPES_H 1
| #define HAVE_STDINT_H 1
| #define HAVE_UNISTD_H 1
| #define HAVE_DLFCN_H 1
| #define LT_OBJDIR ".libs/"
| #define HAVE_DIRENT_H 1
| #define STDC_HEADERS 1
| #define HAVE_SYS_WAIT_H 1
| #define HAVE_STDLIB_H 1
| #define HAVE_MALLOC 1
| #define HAVE_LIBGWLIB 1
| /* end confdefs.h.  */
| #include "gw-config.h"
| int main(
| #if defined(HAVE_SQLITE3)
|   exit(0);
| #endif
|   exit(1);
| }
configure:10277: gcc -o conftest -g -O2 -D_XOPEN_SOURCE=600 -D_BSD_SOURCE -I/usr/local/include/kannel -g -O2 -D_XOPEN_SOURCE=600 -D_BSD_SOURCE -D_LARGE_FILES= -I/usr/include/libxml2 -I/usr/include/mysql   -rdynamic conftest.c -lgwlib  -L/usr/local/lib/kannel -lgw -lwap -lgwlib -lrt -lresolv -lnsl -lm  -lpthread -lxml2 -L/usr/lib/x86_64-linux-gnu -lmysqlclient_r -lpthread -lz -lm -ldl >&5
conftest.c: In function 'main':
conftest.c:35:3: warning: implicit declaration of function 'exit' [-Wimplicit-function-declaration]
   exit(1);
   ^~~~
conftest.c:35:3: warning: incompatible implicit declaration of built-in function 'exit'
conftest.c:35:3: note: include '<stdlib.h>' or provide a declaration of 'exit'
conftest.c:31:1:
+#include <stdlib.h>
 int main(void){
conftest.c:35:3:
   exit(1);
   ^~~~
configure:10277: $? = 0
configure:10277: ./conftest
configure:10277: $? = 1
configure: program exited with status 1
configure: failed program was:
| /* confdefs.h */
| #define PACKAGE_NAME "sqlbox"
| #define PACKAGE_TARNAME "sqlbox"
| #define PACKAGE_VERSION "cvs"
| #define PACKAGE_STRING "sqlbox cvs"
| #define PACKAGE_BUGREPORT "devel@kannel.org"
| #define PACKAGE_URL ""
| #define VERSION "svn-r58"
| #define PACKAGE "SqlBox"
| #define VERSION "svn-r58"
| #define STDC_HEADERS 1
| #define HAVE_SYS_TYPES_H 1
| #define HAVE_SYS_STAT_H 1
| #define HAVE_STDLIB_H 1
| #define HAVE_STRING_H 1
| #define HAVE_MEMORY_H 1
| #define HAVE_STRINGS_H 1
| #define HAVE_INTTYPES_H 1
| #define HAVE_STDINT_H 1
| #define HAVE_UNISTD_H 1
| #define HAVE_DLFCN_H 1
| #define LT_OBJDIR ".libs/"
| #define HAVE_DIRENT_H 1
| #define STDC_HEADERS 1
| #define HAVE_SYS_WAIT_H 1
| #define HAVE_STDLIB_H 1
| #define HAVE_MALLOC 1
| #define HAVE_LIBGWLIB 1
| /* end confdefs.h.  */
| #include "gw-config.h"
| int main(void){
| #if defined(HAVE_SQLITE)
|   exit(0);
| #endif
|   exit(1);
| }
configure:10306: gcc -o conftest -g -O2 -D_XOPEN_SOURCE=600 -D_BSD_SOURCE -I/usr/local/include/kannel -g -O2 -D_XOPEN_SOURCE=600 -D_BSD_SOURCE -D_LARGE_FILES= -I/usr/include/libxml2 -I/usr/include/mysql   -rdynamic conftest.c -lgwlib  -L/usr/local/lib/kannel -lgw -lwap -lgwlib -lrt -lresolv -lnsl -lm  -lpthread -lxml2 -L/usr/lib/x86_64-linux-gnu -lmysqlclient_r -lpthread -lz -lm -ldl >&5
conftest.c: In function 'main':
conftest.c:35:3: warning: implicit declaration of function 'exit' [-Wimplicit-function-declaration]
   exit(1);
   ^~~~
conftest.c:35:3: warning: incompatible implicit declaration of built-in function 'exit'
conftest.c:35:3: note: include '<stdlib.h>' or provide a declaration of 'exit'
conftest.c:31:1:
+#include <stdlib.h>
 int main(void){
conftest.c:35:3:
   exit(1);
   ^~~~
configure:10306: $? = 0
configure:10306: ./conftest
configure:10306: $? = 1
configure: program exited with status 1
configure: failed program was:
| /* confdefs.h */
| #define PACKAGE_NAME "sqlbox"
| #define PACKAGE_TARNAME "sqlbox"
| #define PACKAGE_VERSION "cvs"
| #define PACKAGE_STRING "sqlbox cvs"
| #define PACKAGE_BUGREPORT "devel@kannel.org"
| #define PACKAGE_URL ""
| #define VERSION "svn-r58"
| #define PACKAGE "SqlBox"
| #define VERSION "svn-r58"
| #define STDC_HEADERS 1
| #define HAVE_SYS_TYPES_H 1
| #define HAVE_SYS_STAT_H 1
| #define HAVE_STDLIB_H 1
| #define HAVE_STRING_H 1
| #define HAVE_MEMORY_H 1
| #define HAVE_STRINGS_H 1
| #define HAVE_INTTYPES_H 1
| #define HAVE_STDINT_H 1
| #define HAVE_UNISTD_H 1
| #define HAVE_DLFCN_H 1
| #define LT_OBJDIR ".libs/"
| #define HAVE_DIRENT_H 1
| #define STDC_HEADERS 1
| #define HAVE_SYS_WAIT_H 1
| #define HAVE_STDLIB_H 1
| #define HAVE_MALLOC 1
| #define HAVE_LIBGWLIB 1
| /* end confdefs.h.  */
| #include "gw-config.h"
| int main(void){
| #if defined(HAVE_PGSQL)
|   exit(0);
| #endif
|   exit(1);
| }
configure:10335: gcc -o conftest -g -O2 -D_XOPEN_SOURCE=600 -D_BSD_SOURCE -I/usr/local/include/kannel -g -O2 -D_XOPEN_SOURCE=600 -D_BSD_SOURCE -D_LARGE_FILES= -I/usr/include/libxml2 -I/usr/include/mysql   -rdynamic conftest.c -lgwlib  -L/usr/local/lib/kannel -lgw -lwap -lgwlib -lrt -lresolv -lnsl -lm  -lpthread -lxml2 -L/usr/lib/x86_64-linux-gnu -lmysqlclient_r -lpthread -lz -lm -ldl >&5
conftest.c: In function 'main':
conftest.c:35:3: warning: implicit declaration of function 'exit' [-Wimplicit-function-declaration]
   exit(1);
   ^~~~
conftest.c:35:3: warning: incompatible implicit declaration of built-in function 'exit'
conftest.c:35:3: note: include '<stdlib.h>' or provide a declaration of 'exit'
conftest.c:31:1:
+#include <stdlib.h>
 int main(void){
conftest.c:35:3:
   exit(1);
   ^~~~
configure:10335: $? = 0
configure:10335: ./conftest
configure:10335: $? = 1
configure: program exited with status 1
configure: failed program was:
| /* confdefs.h */
| #define PACKAGE_NAME "sqlbox"
| #define PACKAGE_TARNAME "sqlbox"
| #define PACKAGE_VERSION "cvs"
| #define PACKAGE_STRING "sqlbox cvs"
| #define PACKAGE_BUGREPORT "devel@kannel.org"
| #define PACKAGE_URL ""
| #define VERSION "svn-r58"
| #define PACKAGE "SqlBox"
| #define VERSION "svn-r58"
| #define STDC_HEADERS 1
| #define HAVE_SYS_TYPES_H 1
| #define HAVE_SYS_STAT_H 1
| #define HAVE_STDLIB_H 1
| #define HAVE_STRING_H 1
| #define HAVE_MEMORY_H 1
| #define HAVE_STRINGS_H 1
| #define HAVE_INTTYPES_H 1
| #define HAVE_STDINT_H 1
| #define HAVE_UNISTD_H 1
| #define HAVE_DLFCN_H 1
| #define LT_OBJDIR ".libs/"
| #define HAVE_DIRENT_H 1
| #define STDC_HEADERS 1
| #define HAVE_SYS_WAIT_H 1
| #define HAVE_STDLIB_H 1
| #define HAVE_MALLOC 1
| #define HAVE_LIBGWLIB 1
| /* end confdefs.h.  */
| #include "gw-config.h"
| int main(void){
| #if defined(HAVE_ORACLE)
|   exit(0);
| #endif
|   exit(1);
| }
configure:10364: gcc -o conftest -g -O2 -D_XOPEN_SOURCE=600 -D_BSD_SOURCE -I/usr/local/include/kannel -g -O2 -D_XOPEN_SOURCE=600 -D_BSD_SOURCE -D_LARGE_FILES= -I/usr/include/libxml2 -I/usr/include/mysql   -rdynamic conftest.c -lgwlib  -L/usr/local/lib/kannel -lgw -lwap -lgwlib -lrt -lresolv -lnsl -lm  -lpthread -lxml2 -L/usr/lib/x86_64-linux-gnu -lmysqlclient_r -lpthread -lz -lm -ldl >&5
conftest.c: In function 'main':
conftest.c:33:3: warning: implicit declaration of function 'exit' [-Wimplicit-function-declaration]
   exit(0);
   ^~~~
conftest.c:33:3: warning: incompatible implicit declaration of built-in function 'exit'
conftest.c:33:3: note: include '<stdlib.h>' or provide a declaration of 'exit'
conftest.c:31:1:
+#include <stdlib.h>
 int main(void){
conftest.c:33:3:
   exit(0);
   ^~~~
configure:10364: $? = 0
configure:10364: ./conftest
configure:10364: $? = 0
configure:10393: gcc -o conftest -g -O2 -D_XOPEN_SOURCE=600 -D_BSD_SOURCE -I/usr/local/include/kannel -g -O2 -D_XOPEN_SOURCE=600 -D_BSD_SOURCE -D_LARGE_FILES= -I/usr/include/libxml2 -I/usr/include/mysql   -rdynamic conftest.c -lgwlib  -L/usr/local/lib/kannel -lgw -lwap -lgwlib -lrt -lresolv -lnsl -lm  -lpthread -lxml2 -L/usr/lib/x86_64-linux-gnu -lmysqlclient_r -lpthread -lz -lm -ldl >&5
conftest.c: In function 'main':
conftest.c:35:3: warning: implicit declaration of function 'exit' [-Wimplicit-function-declaration]
   exit(1);
   ^~~~
conftest.c:35:3: warning: incompatible implicit declaration of built-in function 'exit'
conftest.c:35:3: note: include '<stdlib.h>' or provide a declaration of 'exit'
conftest.c:31:1:
+#include <stdlib.h>
 int main(void){
conftest.c:35:3:
   exit(1);
   ^~~~
configure:10393: $? = 0
configure:10393: ./conftest
configure:10393: $? = 1
configure: program exited with status 1
configure: failed program was:
| /* confdefs.h */
| #define PACKAGE_NAME "sqlbox"
| #define PACKAGE_TARNAME "sqlbox"
| #define PACKAGE_VERSION "cvs"
| #define PACKAGE_STRING "sqlbox cvs"
| #define PACKAGE_BUGREPORT "devel@kannel.org"
| #define PACKAGE_URL ""
| #define VERSION "svn-r58"
| #define PACKAGE "SqlBox"
| #define VERSION "svn-r58"
| #define STDC_HEADERS 1
| #define HAVE_SYS_TYPES_H 1
| #define HAVE_SYS_STAT_H 1
| #define HAVE_STDLIB_H 1
| #define HAVE_STRING_H 1
| #define HAVE_MEMORY_H 1
| #define HAVE_STRINGS_H 1
| #define HAVE_INTTYPES_H 1
| #define HAVE_STDINT_H 1
| #define HAVE_UNISTD_H 1
| #define HAVE_DLFCN_H 1
| #define LT_OBJDIR ".libs/"
| #define HAVE_DIRENT_H 1
| #define STDC_HEADERS 1
| #define HAVE_SYS_WAIT_H 1
| #define HAVE_STDLIB_H 1
| #define HAVE_MALLOC 1
| #define HAVE_LIBGWLIB 1
| /* end confdefs.h.  */
| #include "gw-config.h"
| int main(void){
| #if defined(HAVE_SDB)
|   exit(0);
| #endif
|   exit(1);
| }
configure:10406: result: ok
configure:10544: creating ./config.status

## ---------------------- ##
## Running config.status. ##
## ---------------------- ##

This file was extended by sqlbox config.status cvs, which was
generated by GNU Autoconf 2.69.  Invocation command line was

  CONFIG_FILES    = 
  CONFIG_HEADERS  = 
  CONFIG_LINKS    = 
  CONFIG_COMMANDS = 
  $ ./config.status 

on LMTPentest

config.status:1105: creating Makefile
config.status:1105: creating gw/Makefile
config.status:1105: creating rpm/sqlbox.spec
config.status:1105: creating sb-config.h
config.status:1286: sb-config.h is unchanged
config.status:1334: executing depfiles commands
config.status:1334: executing libtool commands

## ---------------- ##
## Cache variables. ##
## ---------------- ##

ac_cv_build=x86_64-unknown-linux-gnu
ac_cv_c_compiler_gnu=yes
ac_cv_c_const=yes
ac_cv_c_volatile=yes
ac_cv_env_CC_set=
ac_cv_env_CC_value=
ac_cv_env_CFLAGS_set=
ac_cv_env_CFLAGS_value=
ac_cv_env_CPPFLAGS_set=
ac_cv_env_CPPFLAGS_value=
ac_cv_env_CPP_set=
ac_cv_env_CPP_value=
ac_cv_env_LDFLAGS_set=
ac_cv_env_LDFLAGS_value=
ac_cv_env_LIBS_set=
ac_cv_env_LIBS_value=
ac_cv_env_build_alias_set=
ac_cv_env_build_alias_value=
ac_cv_env_host_alias_set=
ac_cv_env_host_alias_value=
ac_cv_env_target_alias_set=
ac_cv_env_target_alias_value=
ac_cv_file__opt_local_lib_sgml_stylesheet_dsssl_docbook_nwalsh_dtds_decls_xml_dcl=no
ac_cv_file__opt_local_lib_sgml_stylesheet_dsssl_docbook_nwalsh_html_docbook_dsl=no
ac_cv_file__opt_local_lib_sgml_stylesheet_dsssl_docbook_nwalsh_print_docbook_dsl=no
ac_cv_file__opt_local_lib_sgml_stylesheets_nwalsh_modular_dtds_decls_xml_dcl=no
ac_cv_file__opt_local_lib_sgml_stylesheets_nwalsh_modular_html_docbook_dsl=no
ac_cv_file__opt_local_lib_sgml_stylesheets_nwalsh_modular_print_docbook_dsl=no
ac_cv_file__opt_local_share_dsssl_docbook_dsssl_dtds_decls_xml_dcl=no
ac_cv_file__opt_local_share_dsssl_docbook_dsssl_html_docbook_dsl=no
ac_cv_file__opt_local_share_dsssl_docbook_dsssl_print_docbook_dsl=no
ac_cv_file__opt_local_share_sgml_docbook_dsssl_modular_dtds_decls_xml_dcl=no
ac_cv_file__opt_local_share_sgml_docbook_dsssl_modular_html_docbook_dsl=no
ac_cv_file__opt_local_share_sgml_docbook_dsssl_modular_print_docbook_dsl=no
ac_cv_file__opt_local_share_sgml_docbook_dsssl_stylesheets_1_p_dtds_decls_xml_dcl=no
ac_cv_file__opt_local_share_sgml_docbook_dsssl_stylesheets_1_p_html_docbook_dsl=no
ac_cv_file__opt_local_share_sgml_docbook_dsssl_stylesheets_1_p_print_docbook_dsl=no
ac_cv_file__opt_local_share_sgml_docbook_dsssl_stylesheets_dtds_decls_xml_dcl=no
ac_cv_file__opt_local_share_sgml_docbook_dsssl_stylesheets_html_docbook_dsl=no
ac_cv_file__opt_local_share_sgml_docbook_dsssl_stylesheets_print_docbook_dsl=no
ac_cv_file__opt_local_share_sgml_docbook_stylesheet_dsssl_modular_dtds_decls_xml_dcl=no
ac_cv_file__opt_local_share_sgml_docbook_stylesheet_dsssl_modular_html_docbook_dsl=no
ac_cv_file__opt_local_share_sgml_docbook_stylesheet_dsssl_modular_print_docbook_dsl=no
ac_cv_file__opt_local_share_sgml_dsssl_docbook_dsssl_nwalsh_dtds_decls_xml_dcl=no
ac_cv_file__sw_lib_sgml_stylesheet_dsssl_docbook_nwalsh_dtds_decls_xml_dcl=no
ac_cv_file__sw_lib_sgml_stylesheets_nwalsh_modular_dtds_decls_xml_dcl=no
ac_cv_file__sw_share_dsssl_docbook_dsssl_dtds_decls_xml_dcl=no
ac_cv_file__sw_share_sgml_docbook_dsssl_modular_dtds_decls_xml_dcl=no
ac_cv_file__sw_share_sgml_docbook_dsssl_stylesheets_1_p_dtds_decls_xml_dcl=no
ac_cv_file__sw_share_sgml_docbook_dsssl_stylesheets_dtds_decls_xml_dcl=no
ac_cv_file__sw_share_sgml_docbook_stylesheet_dsssl_modular_dtds_decls_xml_dcl=no
ac_cv_file__sw_share_sgml_dsssl_docbook_dsssl_nwalsh_dtds_decls_xml_dcl=no
ac_cv_file__usr_lib_sgml_stylesheet_dsssl_docbook_nwalsh_dtds_decls_xml_dcl=no
ac_cv_file__usr_lib_sgml_stylesheet_dsssl_docbook_nwalsh_html_docbook_dsl=no
ac_cv_file__usr_lib_sgml_stylesheet_dsssl_docbook_nwalsh_print_docbook_dsl=no
ac_cv_file__usr_lib_sgml_stylesheets_nwalsh_modular_dtds_decls_xml_dcl=no
ac_cv_file__usr_lib_sgml_stylesheets_nwalsh_modular_html_docbook_dsl=no
ac_cv_file__usr_lib_sgml_stylesheets_nwalsh_modular_print_docbook_dsl=no
ac_cv_file__usr_local_lib_sgml_stylesheet_dsssl_docbook_nwalsh_dtds_decls_xml_dcl=no
ac_cv_file__usr_local_lib_sgml_stylesheet_dsssl_docbook_nwalsh_html_docbook_dsl=no
ac_cv_file__usr_local_lib_sgml_stylesheet_dsssl_docbook_nwalsh_print_docbook_dsl=no
ac_cv_file__usr_local_lib_sgml_stylesheets_nwalsh_modular_dtds_decls_xml_dcl=no
ac_cv_file__usr_local_lib_sgml_stylesheets_nwalsh_modular_html_docbook_dsl=no
ac_cv_file__usr_local_lib_sgml_stylesheets_nwalsh_modular_print_docbook_dsl=no
ac_cv_file__usr_local_share_dsssl_docbook_dsssl_dtds_decls_xml_dcl=no
ac_cv_file__usr_local_share_dsssl_docbook_dsssl_html_docbook_dsl=no
ac_cv_file__usr_local_share_dsssl_docbook_dsssl_print_docbook_dsl=no
ac_cv_file__usr_local_share_sgml_docbook_dsssl_modular_dtds_decls_xml_dcl=no
ac_cv_file__usr_local_share_sgml_docbook_dsssl_modular_html_docbook_dsl=no
ac_cv_file__usr_local_share_sgml_docbook_dsssl_modular_print_docbook_dsl=no
ac_cv_file__usr_local_share_sgml_docbook_dsssl_stylesheets_1_p_dtds_decls_xml_dcl=no
ac_cv_file__usr_local_share_sgml_docbook_dsssl_stylesheets_1_p_html_docbook_dsl=no
ac_cv_file__usr_local_share_sgml_docbook_dsssl_stylesheets_1_p_print_docbook_dsl=no
ac_cv_file__usr_local_share_sgml_docbook_dsssl_stylesheets_dtds_decls_xml_dcl=no
ac_cv_file__usr_local_share_sgml_docbook_dsssl_stylesheets_html_docbook_dsl=no
ac_cv_file__usr_local_share_sgml_docbook_dsssl_stylesheets_print_docbook_dsl=no
ac_cv_file__usr_local_share_sgml_docbook_stylesheet_dsssl_modular_dtds_decls_xml_dcl=no
ac_cv_file__usr_local_share_sgml_docbook_stylesheet_dsssl_modular_html_docbook_dsl=no
ac_cv_file__usr_local_share_sgml_docbook_stylesheet_dsssl_modular_print_docbook_dsl=no
ac_cv_file__usr_local_share_sgml_dsssl_docbook_dsssl_nwalsh_dtds_decls_xml_dcl=no
ac_cv_file__usr_share_dsssl_docbook_dsssl_dtds_decls_xml_dcl=no
ac_cv_file__usr_share_dsssl_docbook_dsssl_html_docbook_dsl=no
ac_cv_file__usr_share_dsssl_docbook_dsssl_print_docbook_dsl=no
ac_cv_file__usr_share_sgml_docbook_dsssl_modular_dtds_decls_xml_dcl=no
ac_cv_file__usr_share_sgml_docbook_dsssl_modular_html_docbook_dsl=no
ac_cv_file__usr_share_sgml_docbook_dsssl_modular_print_docbook_dsl=no
ac_cv_file__usr_share_sgml_docbook_dsssl_stylesheets_1_p_dtds_decls_xml_dcl=no
ac_cv_file__usr_share_sgml_docbook_dsssl_stylesheets_1_p_html_docbook_dsl=no
ac_cv_file__usr_share_sgml_docbook_dsssl_stylesheets_1_p_print_docbook_dsl=no
ac_cv_file__usr_share_sgml_docbook_dsssl_stylesheets_dtds_decls_xml_dcl=no
ac_cv_file__usr_share_sgml_docbook_dsssl_stylesheets_html_docbook_dsl=no
ac_cv_file__usr_share_sgml_docbook_dsssl_stylesheets_print_docbook_dsl=no
ac_cv_file__usr_share_sgml_docbook_stylesheet_dsssl_modular_dtds_decls_xml_dcl=no
ac_cv_file__usr_share_sgml_docbook_stylesheet_dsssl_modular_html_docbook_dsl=no
ac_cv_file__usr_share_sgml_docbook_stylesheet_dsssl_modular_print_docbook_dsl=no
ac_cv_file__usr_share_sgml_dsssl_docbook_dsssl_nwalsh_dtds_decls_xml_dcl=no
ac_cv_func_closedir_void=no
ac_cv_func_malloc_0_nonnull=yes
ac_cv_func_memcmp_working=yes
ac_cv_header_dirent_dirent_h=yes
ac_cv_header_dlfcn_h=yes
ac_cv_header_inttypes_h=yes
ac_cv_header_memory_h=yes
ac_cv_header_stdc=yes
ac_cv_header_stdint_h=yes
ac_cv_header_stdlib_h=yes
ac_cv_header_string_h=yes
ac_cv_header_strings_h=yes
ac_cv_header_sys_stat_h=yes
ac_cv_header_sys_types_h=yes
ac_cv_header_sys_wait_h=yes
ac_cv_header_unistd_h=yes
ac_cv_host=x86_64-unknown-linux-gnu
ac_cv_lib_error_at_line=yes
ac_cv_lib_gwlib_cfg_create=yes
ac_cv_objext=o
ac_cv_path_EGREP='/bin/grep -E'
ac_cv_path_FGREP='/bin/grep -F'
ac_cv_path_GREP=/bin/grep
ac_cv_path_GW_CONFIG=/usr/local/bin/gw-config
ac_cv_path_SED=/bin/sed
ac_cv_path_install='/usr/bin/install -c'
ac_cv_path_mkdir=/bin/mkdir
ac_cv_prog_AWK=gawk
ac_cv_prog_CONVERT=convert
ac_cv_prog_CPP='gcc -E'
ac_cv_prog_DVIPS=dvips
ac_cv_prog_FIG2DEV=no
ac_cv_prog_JADE=no
ac_cv_prog_JADETEX=no
ac_cv_prog_OLDJADE=no
ac_cv_prog_PDFJADETEX=no
ac_cv_prog_ac_ct_AR=ar
ac_cv_prog_ac_ct_CC=gcc
ac_cv_prog_ac_ct_MANIFEST_TOOL=mt
ac_cv_prog_ac_ct_OBJDUMP=objdump
ac_cv_prog_ac_ct_RANLIB=ranlib
ac_cv_prog_ac_ct_STRIP=strip
ac_cv_prog_cc_c89=
ac_cv_prog_cc_g=yes
ac_cv_prog_make_make_set=yes
ac_cv_search_opendir='none required'
ac_cv_struct_tm=time.h
am_cv_CC_dependencies_compiler_type=gcc3
lt_cv_ar_at_file=@
lt_cv_archive_cmds_need_lc=no
lt_cv_deplibs_check_method=pass_all
lt_cv_file_magic_cmd='$MAGIC_CMD'
lt_cv_file_magic_test_file=
lt_cv_ld_reload_flag=-r
lt_cv_nm_interface='BSD nm'
lt_cv_objdir=.libs
lt_cv_path_LD=/usr/bin/ld
lt_cv_path_NM='/usr/bin/nm -B'
lt_cv_path_mainfest_tool=no
lt_cv_prog_compiler_c_o=yes
lt_cv_prog_compiler_pic='-fPIC -DPIC'
lt_cv_prog_compiler_pic_works=yes
lt_cv_prog_compiler_rtti_exceptions=no
lt_cv_prog_compiler_static_works=yes
lt_cv_prog_gnu_ld=yes
lt_cv_sharedlib_from_linklib_cmd='printf %s\n'
lt_cv_shlibpath_overrides_runpath=yes
lt_cv_sys_global_symbol_pipe='sed -n -e '\''s/^.*[	 ]\([ABCDGIRSTW][ABCDGIRSTW]*\)[	 ][	 ]*\([_A-Za-z][_A-Za-z0-9]*\)$/\1 \2 \2/p'\'' | sed '\''/ __gnu_lto/d'\'''
lt_cv_sys_global_symbol_to_c_name_address='sed -n -e '\''s/^: \([^ ]*\)[ ]*$/  {\"\1\", (void *) 0},/p'\'' -e '\''s/^[ABCDGIRSTW]* \([^ ]*\) \([^ ]*\)$/  {"\2", (void *) \&\2},/p'\'''
lt_cv_sys_global_symbol_to_c_name_address_lib_prefix='sed -n -e '\''s/^: \([^ ]*\)[ ]*$/  {\"\1\", (void *) 0},/p'\'' -e '\''s/^[ABCDGIRSTW]* \([^ ]*\) \(lib[^ ]*\)$/  {"\2", (void *) \&\2},/p'\'' -e '\''s/^[ABCDGIRSTW]* \([^ ]*\) \([^ ]*\)$/  {"lib\2", (void *) \&\2},/p'\'''
lt_cv_sys_global_symbol_to_cdecl='sed -n -e '\''s/^T .* \(.*\)$/extern int \1();/p'\'' -e '\''s/^[ABCDGIRSTW]* .* \(.*\)$/extern char \1;/p'\'''
lt_cv_sys_max_cmd_len=1572864
lt_cv_to_host_file_cmd=func_convert_file_noop
lt_cv_to_tool_file_cmd=func_convert_file_noop

## ----------------- ##
## Output variables. ##
## ----------------- ##

ACLOCAL='${SHELL} /root/Downloads/Compressed/sqlbox/autotools/missing --run aclocal-1.11'
AMDEPBACKSLASH='\'
AMDEP_FALSE='#'
AMDEP_TRUE=''
AMTAR='$${TAR-tar}'
AR='ar'
AUTOCONF='${SHELL} /root/Downloads/Compressed/sqlbox/autotools/missing --run autoconf'
AUTOHEADER='${SHELL} /root/Downloads/Compressed/sqlbox/autotools/missing --run autoheader'
AUTOMAKE='${SHELL} /root/Downloads/Compressed/sqlbox/autotools/missing --run automake-1.11'
AWK='gawk'
CC='gcc'
CCDEPMODE='depmode=gcc3'
CFLAGS='-g -O2 -D_XOPEN_SOURCE=600 -D_BSD_SOURCE -I/usr/local/include/kannel -g -O2 -D_XOPEN_SOURCE=600 -D_BSD_SOURCE -D_LARGE_FILES= -I/usr/include/libxml2 -I/usr/include/mysql'
CONVERT='convert'
CPP='gcc -E'
CPPFLAGS=''
CTLIB_INCLUDE=''
CTLIB_LFLAGS=''
CYGPATH_W='echo'
DEFS='-DHAVE_CONFIG_H'
DEPDIR='.deps'
DLLTOOL='false'
DOCDRAFTS='IGNORE'
DOCSTARGET='no-docs'
DSYMUTIL=''
DUMPBIN=''
DVIPS='dvips'
ECHO_C=''
ECHO_N='-n'
ECHO_T=''
EGREP='/bin/grep -E'
EXEEXT=''
FGREP='/bin/grep -F'
FIG2DEV='no'
GREP='/bin/grep'
GW_CONFIG='/usr/local/bin/gw-config'
HTML_DSL=''
INCLUDES='-I$(top_srcdir)/gw -I$(top_builddir)/gw'
INSTALL_DATA='${INSTALL} -m 644'
INSTALL_PROGRAM='${INSTALL}'
INSTALL_SCRIPT='${INSTALL}'
INSTALL_STRIP_PROGRAM='$(install_sh) -c -s'
JADE='no'
JADETEX='no'
LD='/usr/bin/ld -m elf_x86_64'
LDFLAGS=' -rdynamic'
LIBOBJS=''
LIBS='-lgwlib  -L/usr/local/lib/kannel -lgw -lwap -lgwlib -lrt -lresolv -lnsl -lm  -lpthread -lxml2 -L/usr/lib/x86_64-linux-gnu -lmysqlclient_r -lpthread -lz -lm -ldl'
LIBTOOL='$(SHELL) $(top_builddir)/libtool'
LIPO=''
LN_S='ln -s'
LTLIBOBJS=''
MAINT='#'
MAINTAINER_MODE_FALSE=''
MAINTAINER_MODE_TRUE='#'
MAKEINFO='${SHELL} /root/Downloads/Compressed/sqlbox/autotools/missing --run makeinfo'
MANIFEST_TOOL=':'
MKDIR_P='/bin/mkdir -p'
NM='/usr/bin/nm -B'
NMEDIT=''
OBJDUMP='objdump'
OBJEXT='o'
OLDJADE='no'
OPENSSL=''
OTOOL64=''
OTOOL=''
PACKAGE='SqlBox'
PACKAGE_BUGREPORT='devel@kannel.org'
PACKAGE_NAME='sqlbox'
PACKAGE_STRING='sqlbox cvs'
PACKAGE_TARNAME='sqlbox'
PACKAGE_URL=''
PACKAGE_VERSION='cvs'
PATH_SEPARATOR=':'
PDFJADETEX='no'
RANLIB='ranlib'
SED='/bin/sed'
SET_MAKE=''
SHELL='/bin/bash'
STRIP='strip'
TEX_DSL=''
VERSION='svn-r58'
XML_DCL=''
ac_ct_AR='ar'
ac_ct_CC='gcc'
ac_ct_DUMPBIN=''
am__EXEEXT_FALSE=''
am__EXEEXT_TRUE='#'
am__fastdepCC_FALSE='#'
am__fastdepCC_TRUE=''
am__include='include'
am__isrc=''
am__leading_dot='.'
am__nodep='_no'
am__quote=''
am__tar='$${TAR-tar} chof - "$$tardir"'
am__untar='$${TAR-tar} xf -'
bindir='${exec_prefix}/bin'
build='x86_64-unknown-linux-gnu'
build_alias=''
build_cpu='x86_64'
build_os='linux-gnu'
build_vendor='unknown'
datadir='${datarootdir}'
datarootdir='${prefix}/share'
docdir='${datarootdir}/doc/${PACKAGE_TARNAME}'
dvidir='${docdir}'
exec_prefix='${prefix}'
host='x86_64-unknown-linux-gnu'
host_alias=''
host_cpu='x86_64'
host_os='linux-gnu'
host_vendor='unknown'
htmldir='${docdir}'
includedir='${prefix}/include'
infodir='${datarootdir}/info'
install_sh='${SHELL} /root/Downloads/Compressed/sqlbox/autotools/install-sh'
libdir='${exec_prefix}/lib'
libexecdir='${exec_prefix}/libexec'
localedir='${datarootdir}/locale'
localstatedir='${prefix}/var'
mandir='${datarootdir}/man'
mkdir_p='/bin/mkdir -p'
oldincludedir='/usr/include'
pdfdir='${docdir}'
prefix='/usr/local'
program_transform_name='s,x,x,'
psdir='${docdir}'
rpm_requires='mysql-devel >= 3.23'
rpm_suffix='mysql'
sbindir='${exec_prefix}/sbin'
sharedstatedir='${prefix}/com'
sysconfdir='${prefix}/etc'
target_alias=''

## ----------- ##
## confdefs.h. ##
## ----------- ##

/* confdefs.h */
#define PACKAGE_NAME "sqlbox"
#define PACKAGE_TARNAME "sqlbox"
#define PACKAGE_VERSION "cvs"
#define PACKAGE_STRING "sqlbox cvs"
#define PACKAGE_BUGREPORT "devel@kannel.org"
#define PACKAGE_URL ""
#define VERSION "svn-r58"
#define PACKAGE "SqlBox"
#define VERSION "svn-r58"
#define STDC_HEADERS 1
#define HAVE_SYS_TYPES_H 1
#define HAVE_SYS_STAT_H 1
#define HAVE_STDLIB_H 1
#define HAVE_STRING_H 1
#define HAVE_MEMORY_H 1
#define HAVE_STRINGS_H 1
#define HAVE_INTTYPES_H 1
#define HAVE_STDINT_H 1
#define HAVE_UNISTD_H 1
#define HAVE_DLFCN_H 1
#define LT_OBJDIR ".libs/"
#define HAVE_DIRENT_H 1
#define STDC_HEADERS 1
#define HAVE_SYS_WAIT_H 1
#define HAVE_STDLIB_H 1
#define HAVE_MALLOC 1
#define HAVE_LIBGWLIB 1

configure: exit 0
